Build started 25.11.2025 17:36:23.
     1>Project "D:\dev\eco os\Eco.Lab3\AssemblyFiles\Windows\VisualStudio_10\Eco.Lab1UnitTest.vcxproj" on node 2 (build target(s)).
     1>InitializeBuildStatus:
         Touching "Eco.Lab1UnitTest\DynamicRelease\Eco.Lab1UnitTest.unsuccessfulbuild".
       ClCompile:
         D:\dev\Microsoft Visual Studio 10.0\VC\bin\CL.exe /c /I..\..\..\HeaderFiles /I..\..\..\SharedFiles /I"D:\dev\eco os\Eco.Framework_20250429\Eco.Core1\SharedFiles" /I"D:\dev\eco os\Eco.Framework_20250429\Eco.InterfaceBus1\SharedFiles" /I"D:\dev\eco os\Eco.Framework_20250429\Eco.System1\SharedFiles" /I"D:\dev\eco os\Eco.Framework_20250429\Eco.MemoryManager1\SharedFiles" /I"D:\dev\eco os\Eco.Framework_20250429\Eco.FileSystemManagement1\SharedFiles" /I"D:\dev\eco os\Eco.Framework_20250429\Eco.List1\SharedFiles" /Zi /nologo /W3 /WX- /O2 /Oi /Oy- /GL /D WIN32 /D NDEBUG /D _CONSOLE /D UGUID_UTILITY /D ECO_X86_32 /D ECO_WINDOWS /D ECO_WIN32 /D ECO_DLL /D _UNICODE /D UNICODE /Gm- /EHsc /MT /GS /Gy /fp:precise /Zc:wchar_t /Zc:forScope /Fo"Eco.Lab1UnitTest\DynamicRelease\\" /Fd"Eco.Lab1UnitTest\DynamicRelease\vc100.pdb" /Gz /TC /analyze- /errorReport:prompt ..\..\..\UnitTestFiles\SourceFiles\CEcoLab1Sink.c ..\..\..\UnitTestFiles\SourceFiles\EcoLab1.c
         CEcoLab1Sink.c
     1>..\..\..\UnitTestFiles\SourceFiles\CEcoLab1Sink.c(20): fatal error C1083: Cannot open include file: 'CEcoLab1Sink.h': No such file or directory
         EcoLab1.c
     1>..\..\..\UnitTestFiles\SourceFiles\EcoLab1.c(27): fatal error C1083: Cannot open include file: 'CEcoLab1Sink.h': No such file or directory
     1>Done Building Project "D:\dev\eco os\Eco.Lab3\AssemblyFiles\Windows\VisualStudio_10\Eco.Lab1UnitTest.vcxproj" (build target(s)) -- FAILED.

Build FAILED.

Time Elapsed 00:00:00.16
